TN:
SF:src/config/constants.js
FNF:0
FNH:0
DA:4,4
LF:1
LH:1
BRF:0
BRH:0
end_of_record
TN:
SF:src/models/LegislatorData.js
FN:5,(anonymous_0)
FN:15,(anonymous_1)
FN:22,(anonymous_2)
FN:29,(anonymous_3)
FNF:4
FNH:4
FNDA:53,(anonymous_0)
FNDA:57,(anonymous_1)
FNDA:49,(anonymous_2)
FNDA:47,(anonymous_3)
DA:6,53
DA:7,53
DA:8,53
DA:9,53
DA:16,57
DA:23,49
DA:30,47
DA:39,4
LF:8
LH:8
BRF:0
BRH:0
end_of_record
TN:
SF:src/models/VoteData.js
FN:5,(anonymous_0)
FN:18,(anonymous_1)
FN:25,(anonymous_2)
FN:32,(anonymous_3)
FN:40,(anonymous_4)
FN:47,(anonymous_5)
FNF:6
FNH:6
FNDA:17,(anonymous_0)
FNDA:49,(anonymous_1)
FNDA:45,(anonymous_2)
FNDA:10,(anonymous_3)
FNDA:8,(anonymous_4)
FNDA:10,(anonymous_5)
DA:6,17
DA:7,17
DA:8,17
DA:9,17
DA:10,17
DA:11,17
DA:12,17
DA:19,49
DA:26,45
DA:33,10
DA:34,10
DA:41,8
DA:48,10
DA:58,4
LF:14
LH:14
BRF:0
BRH:0
end_of_record
TN:
SF:src/services/csvService.js
FN:14,(anonymous_0)
FN:15,(anonymous_1)
FN:25,(anonymous_2)
FN:28,(anonymous_3)
FN:35,(anonymous_4)
FN:45,(anonymous_5)
FN:70,(anonymous_6)
FN:81,(anonymous_7)
FN:82,(anonymous_8)
FNF:9
FNH:9
FNDA:15,(anonymous_0)
FNDA:15,(anonymous_1)
FNDA:129,(anonymous_2)
FNDA:12,(anonymous_3)
FNDA:2,(anonymous_4)
FNDA:6,(anonymous_5)
FNDA:8,(anonymous_6)
FNDA:4,(anonymous_7)
FNDA:12,(anonymous_8)
DA:4,3
DA:5,3
DA:6,3
DA:7,3
DA:8,3
DA:15,15
DA:16,15
DA:17,1
DA:18,1
DA:19,1
DA:22,14
DA:23,14
DA:26,129
DA:29,12
DA:33,12
DA:36,2
DA:37,2
DA:46,6
DA:48,6
DA:50,6
DA:55,6
DA:57,5
DA:62,1
DA:63,1
DA:71,8
DA:72,8
DA:73,1
DA:74,1
DA:82,12
DA:84,4
DA:85,4
DA:86,3
DA:87,3
DA:89,1
DA:90,1
DA:95,3
LF:36
LH:36
BRDA:16,0,0,1
BRDA:16,0,1,14
BRDA:72,1,0,1
BRDA:72,1,1,7
BRF:4
BRH:4
end_of_record
TN:
SF:src/services/voteProcessingService.js
FN:10,(anonymous_0)
FN:20,(anonymous_1)
FN:57,(anonymous_2)
FN:72,(anonymous_3)
FN:111,(anonymous_4)
FN:134,(anonymous_5)
FN:168,(anonymous_6)
FN:172,(anonymous_7)
FNF:8
FNH:8
FNDA:14,(anonymous_0)
FNDA:5,(anonymous_1)
FNDA:6,(anonymous_2)
FNDA:8,(anonymous_3)
FNDA:7,(anonymous_4)
FNDA:7,(anonymous_5)
FNDA:6,(anonymous_6)
FNDA:8,(anonymous_7)
DA:4,3
DA:5,3
DA:6,3
DA:7,3
DA:11,14
DA:12,14
DA:13,14
DA:14,14
DA:21,5
DA:29,5
DA:32,5
DA:35,5
DA:38,5
DA:41,5
DA:43,5
DA:48,5
DA:58,6
DA:60,6
DA:61,9
DA:62,9
DA:63,9
DA:66,6
DA:73,8
DA:75,8
DA:76,82
DA:78,82
DA:79,1
DA:80,1
DA:84,81
DA:85,41
DA:87,40
DA:91,81
DA:92,81
DA:94,42
DA:95,42
DA:98,81
DA:99,41
DA:101,40
DA:105,8
DA:112,7
DA:114,7
DA:115,9
DA:117,9
DA:118,1
DA:119,1
DA:122,8
DA:123,8
DA:125,8
DA:128,7
DA:135,7
DA:137,7
DA:139,7
DA:141,45
DA:142,45
DA:143,41
DA:145,4
DA:146,4
DA:150,45
DA:151,45
DA:152,6
DA:153,6
DA:154,6
DA:158,45
DA:161,7
DA:162,7
DA:169,6
DA:171,6
DA:172,8
DA:174,6
DA:175,6
DA:179,3
LF:71
LH:71
BRDA:78,0,0,1
BRDA:78,0,1,81
BRDA:84,1,0,41
BRDA:84,1,1,40
BRDA:92,2,0,42
BRDA:92,2,1,39
BRDA:98,3,0,41
BRDA:98,3,1,40
BRDA:117,4,0,1
BRDA:117,4,1,8
BRDA:142,5,0,41
BRDA:142,5,1,4
BRDA:151,6,0,6
BRDA:151,6,1,39
BRDA:153,7,0,6
BRDA:153,7,1,0
BRF:16
BRH:15
end_of_record
TN:
SF:src/utils/logger.js
FN:5,(anonymous_0)
FN:15,(anonymous_1)
FN:19,(anonymous_2)
FN:33,(anonymous_3)
FN:37,(anonymous_4)
FN:41,(anonymous_5)
FN:45,(anonymous_6)
FNF:7
FNH:7
FNDA:8,(anonymous_0)
FNDA:3,(anonymous_1)
FNDA:114,(anonymous_2)
FNDA:10,(anonymous_3)
FNDA:1,(anonymous_4)
FNDA:57,(anonymous_5)
FNDA:46,(anonymous_6)
DA:6,8
DA:12,8
DA:16,3
DA:20,114
DA:21,69
DA:22,69
DA:29,69
DA:34,10
DA:38,1
DA:42,57
DA:46,46
DA:50,8
LF:12
LH:12
BRDA:16,0,0,3
BRDA:16,0,1,0
BRDA:19,1,0,0
BRDA:20,2,0,69
BRDA:20,2,1,45
BRDA:26,3,0,69
BRDA:26,3,1,31
BRDA:33,4,0,1
BRDA:37,5,0,1
BRDA:41,6,0,35
BRDA:45,7,0,46
BRF:11
BRH:9
end_of_record
TN:
SF:src/utils/validators.js
FN:10,(anonymous_0)
FN:28,(anonymous_1)
FN:50,(anonymous_2)
FN:68,(anonymous_3)
FN:86,(anonymous_4)
FNF:5
FNH:5
FNDA:12,(anonymous_0)
FNDA:9,(anonymous_1)
FNDA:8,(anonymous_2)
FNDA:8,(anonymous_3)
FNDA:4,(anonymous_4)
DA:4,3
DA:11,12
DA:12,3
DA:15,9
DA:16,11
DA:17,2
DA:21,7
DA:22,7
DA:29,9
DA:30,1
DA:33,8
DA:34,82
DA:35,1
DA:38,81
DA:39,1
DA:43,6
DA:44,6
DA:51,8
DA:52,1
DA:55,7
DA:56,9
DA:57,1
DA:61,6
DA:62,6
DA:69,8
DA:70,2
DA:73,6
DA:74,44
DA:75,1
DA:79,5
DA:80,5
DA:87,4
DA:88,4
DA:89,4
DA:90,4
DA:92,3
DA:93,3
DA:97,3
LF:38
LH:38
BRDA:11,0,0,3
BRDA:11,0,1,9
BRDA:16,1,0,2
BRDA:16,1,1,9
BRDA:16,2,0,11
BRDA:16,2,1,10
BRDA:29,3,0,1
BRDA:29,3,1,8
BRDA:34,4,0,1
BRDA:34,4,1,81
BRDA:34,5,0,82
BRDA:34,5,1,82
BRDA:34,5,2,81
BRDA:34,5,3,81
BRDA:38,6,0,1
BRDA:38,6,1,80
BRDA:51,7,0,1
BRDA:51,7,1,7
BRDA:56,8,0,1
BRDA:56,8,1,8
BRDA:56,9,0,9
BRDA:56,9,1,9
BRDA:56,9,2,8
BRDA:69,10,0,2
BRDA:69,10,1,6
BRDA:74,11,0,1
BRDA:74,11,1,43
BRDA:74,12,0,44
BRDA:74,12,1,44
BRF:29
BRH:29
end_of_record
